2026-04-06 14:32:43,803 INFO === MLB HR Props Pipeline — 2026-04-06 ===
2026-04-06 14:32:43,803 INFO Fetching weather from RotoWire…
2026-04-06 14:32:44,389 INFO RotoWire weather: 9 outdoor parks parsed
2026-04-06 14:32:44,754 INFO Found 13 games for 2026-04-06
2026-04-06 14:32:44,756 INFO   Processing batters vs Shane McClanahan (CHC)
2026-04-06 14:32:46,891 INFO   Pitcher Shane McClanahan: 4 pitch types loaded
2026-04-06 14:32:54,867 INFO   Batter Yandy Díaz: 12 pitch types, 22 PA in 2026
2026-04-06 14:33:01,906 INFO   Batter Jonathan Aranda: 12 pitch types, 25 PA in 2026
2026-04-06 14:33:11,220 INFO   Batter Jake Fraley: 13 pitch types, 17 PA in 2026
2026-04-06 14:33:28,564 INFO   Batter Junior Caminero: 13 pitch types, 26 PA in 2026
2026-04-06 14:33:36,698 INFO   Batter Chandler Simpson: 12 pitch types, 31 PA in 2026
2026-04-06 14:33:51,175 INFO   Batter Nick Fortes: 12 pitch types, 18 PA in 2026
2026-04-06 14:34:02,183 INFO   Batter Cedric Mullins: 13 pitch types, 27 PA in 2026
2026-04-06 14:34:12,009 INFO   Batter Ben Williamson: 13 pitch types, 26 PA in 2026
2026-04-06 14:34:20,642 INFO   Batter Taylor Walls: 11 pitch types, 0 PA in 2026
2026-04-06 14:34:20,644 INFO   Processing batters vs Jameson Taillon (TB)
2026-04-06 14:34:30,759 INFO   Pitcher Jameson Taillon: 6 pitch types loaded
2026-04-06 14:34:31,786 INFO   Batter Yandy Díaz: 12 pitch types, 22 PA in 2026
2026-04-06 14:34:32,021 INFO   Batter Jonathan Aranda: 12 pitch types, 25 PA in 2026
2026-04-06 14:34:32,279 INFO   Batter Jake Fraley: 13 pitch types, 17 PA in 2026
2026-04-06 14:34:32,522 INFO   Batter Junior Caminero: 13 pitch types, 26 PA in 2026
2026-04-06 14:34:32,733 INFO   Batter Chandler Simpson: 12 pitch types, 31 PA in 2026
2026-04-06 14:34:32,939 INFO   Batter Nick Fortes: 12 pitch types, 18 PA in 2026
2026-04-06 14:34:33,199 INFO   Batter Cedric Mullins: 13 pitch types, 27 PA in 2026
2026-04-06 14:34:33,416 INFO   Batter Ben Williamson: 13 pitch types, 26 PA in 2026
2026-04-06 14:34:33,996 INFO   Batter Taylor Walls: 11 pitch types, 0 PA in 2026
2026-04-06 14:34:33,998 INFO   Processing batters vs Tanner Bibee (KC)
2026-04-06 14:34:44,253 INFO   Pitcher Tanner Bibee: 6 pitch types loaded
2026-04-06 14:34:57,518 INFO   Batter Steven Kwan: 10 pitch types, 25 PA in 2026
2026-04-06 14:35:03,257 INFO   Batter Chase DeLauter: 9 pitch types, 21 PA in 2026
2026-04-06 14:35:14,189 INFO   Batter José Ramírez: 13 pitch types, 23 PA in 2026
2026-04-06 14:35:22,747 INFO   Batter Kyle Manzardo: 10 pitch types, 20 PA in 2026
2026-04-06 14:35:29,004 INFO   Batter Rhys Hoskins: 11 pitch types, 17 PA in 2026
2026-04-06 14:35:38,001 INFO   Batter Bo Naylor: 11 pitch types, 16 PA in 2026
2026-04-06 14:35:46,798 INFO   Batter CJ Kayfus: 10 pitch types, 16 PA in 2026
2026-04-06 14:36:00,148 INFO   Batter Gabriel Arias: 10 pitch types, 20 PA in 2026
2026-04-06 14:36:08,838 INFO   Batter Brayan Rocchio: 11 pitch types, 25 PA in 2026
2026-04-06 14:36:08,841 INFO   Processing batters vs Michael Wacha (CLE)
2026-04-06 14:36:16,357 INFO   Pitcher Michael Wacha: 6 pitch types loaded
2026-04-06 14:36:17,175 INFO   Batter Steven Kwan: 10 pitch types, 25 PA in 2026
2026-04-06 14:36:17,342 INFO   Batter Chase DeLauter: 9 pitch types, 21 PA in 2026
2026-04-06 14:36:17,556 INFO   Batter José Ramírez: 13 pitch types, 23 PA in 2026
2026-04-06 14:36:17,719 INFO   Batter Kyle Manzardo: 10 pitch types, 20 PA in 2026
2026-04-06 14:36:17,864 INFO   Batter Rhys Hoskins: 11 pitch types, 17 PA in 2026
2026-04-06 14:36:18,013 INFO   Batter Bo Naylor: 11 pitch types, 16 PA in 2026
2026-04-06 14:36:18,146 INFO   Batter CJ Kayfus: 10 pitch types, 16 PA in 2026
2026-04-06 14:36:18,286 INFO   Batter Gabriel Arias: 10 pitch types, 20 PA in 2026
2026-04-06 14:36:18,435 INFO   Batter Brayan Rocchio: 11 pitch types, 25 PA in 2026
2026-04-06 14:36:18,436 INFO   Processing batters vs Bubba Chandler (SD)
2026-04-06 14:36:21,013 INFO   Pitcher Bubba Chandler: 4 pitch types loaded
2026-04-06 14:36:27,311 INFO   Batter Bryce Johnson: 11 pitch types, 9 PA in 2026
2026-04-06 14:36:39,186 INFO   Batter Fernando Tatis Jr.: 11 pitch types, 29 PA in 2026
2026-04-06 14:36:45,325 INFO   Batter Freddy Fermin: 10 pitch types, 15 PA in 2026
2026-04-06 14:36:55,111 INFO   Batter Gavin Sheets: 11 pitch types, 18 PA in 2026
2026-04-06 14:37:09,105 INFO   Batter Jackson Merrill: 12 pitch types, 24 PA in 2026
2026-04-06 14:37:21,470 INFO   Batter Jake Cronenworth: 13 pitch types, 28 PA in 2026
2026-04-06 14:37:26,457 INFO   Batter Luis Campusano: 10 pitch types, 9 PA in 2026
2026-04-06 14:37:36,936 INFO   Batter Manny Machado: 12 pitch types, 27 PA in 2026
2026-04-06 14:37:54,468 INFO   Batter Miguel Andujar: 12 pitch types, 21 PA in 2026
2026-04-06 14:37:54,471 INFO   Processing batters vs Germán Márquez (PIT)
2026-04-06 14:38:01,408 INFO   Pitcher Germán Márquez: 5 pitch types loaded
2026-04-06 14:38:09,118 INFO   Batter Billy Cook: 5 pitch types, 0 PA in 2026
2026-04-06 14:38:21,935 INFO   Batter Brandon Lowe: 12 pitch types, 26 PA in 2026
2026-04-06 14:38:34,833 INFO   Batter Bryan Reynolds: 11 pitch types, 28 PA in 2026
2026-04-06 14:38:43,036 INFO   Batter Henry Davis: 12 pitch types, 18 PA in 2026
2026-04-06 14:38:53,946 INFO   Batter Jake Mangum: 12 pitch types, 22 PA in 2026
2026-04-06 14:39:02,824 INFO   Batter Joey Bart: 11 pitch types, 9 PA in 2026
2026-04-06 14:39:07,839 INFO   Batter Konnor Griffin: 8 pitch types, 11 PA in 2026
2026-04-06 14:39:17,045 INFO   Batter Marcell Ozuna: 12 pitch types, 23 PA in 2026
2026-04-06 14:39:25,135 INFO   Batter Nick Gonzales: 12 pitch types, 26 PA in 2026
2026-04-06 14:39:25,139 INFO   Processing batters vs Janson Junk (CIN)
2026-04-06 14:39:30,893 INFO   Pitcher Janson Junk: 5 pitch types loaded
2026-04-06 14:39:41,250 INFO   Batter Dane Myers: 13 pitch types, 13 PA in 2026
2026-04-06 14:39:50,444 INFO   Batter Elly De La Cruz: 13 pitch types, 31 PA in 2026
2026-04-06 14:40:00,089 INFO   Batter Eugenio Suárez: 12 pitch types, 29 PA in 2026
2026-04-06 14:40:07,652 INFO   Batter Jose Trevino: 13 pitch types, 11 PA in 2026
2026-04-06 14:40:21,041 INFO   Batter Ke'Bryan Hayes: 12 pitch types, 19 PA in 2026
2026-04-06 14:40:31,938 INFO   Batter Matt McLain: 12 pitch types, 30 PA in 2026
2026-04-06 14:40:43,042 INFO   Batter Nathaniel Lowe: 13 pitch types, 8 PA in 2026
2026-04-06 14:40:52,479 INFO   Batter Noelvi Marte: 13 pitch types, 12 PA in 2026
2026-04-06 14:40:57,644 INFO   Batter Sal Stewart: 10 pitch types, 30 PA in 2026
2026-04-06 14:40:57,647 INFO   Processing batters vs Brandon Williamson (MIA)
2026-04-06 14:41:00,975 INFO   Pitcher Brandon Williamson: 6 pitch types loaded
2026-04-06 14:41:14,719 INFO   Batter Agustín Ramírez: 13 pitch types, 31 PA in 2026
2026-04-06 14:41:24,102 INFO   Batter Austin Slater: 13 pitch types, 13 PA in 2026
2026-04-06 14:41:30,089 INFO   Batter Connor Norby: 13 pitch types, 25 PA in 2026
2026-04-06 14:41:37,602 INFO   Batter Graham Pauley: 12 pitch types, 15 PA in 2026
2026-04-06 14:41:46,197 INFO   Batter Griffin Conine: 10 pitch types, 15 PA in 2026
2026-04-06 14:41:58,219 INFO   Batter Heriberto Hernández: 13 pitch types, 24 PA in 2026
2026-04-06 14:42:04,170 INFO   Batter Jakob Marsee: 12 pitch types, 28 PA in 2026
2026-04-06 14:42:12,258 INFO   Batter Javier Sanoja: 13 pitch types, 20 PA in 2026
2026-04-06 14:42:18,527 INFO   Batter Leo Jiménez: 9 pitch types, 4 PA in 2026
2026-04-06 14:42:18,531 INFO   Processing batters vs Zack Littell (STL)
2026-04-06 14:42:26,329 INFO   Pitcher Zack Littell: 5 pitch types loaded
2026-04-06 14:42:36,914 INFO   Batter Alec Burleson: 12 pitch types, 25 PA in 2026
2026-04-06 14:42:46,490 INFO   Batter Iván Herrera: 11 pitch types, 25 PA in 2026
2026-04-06 14:42:48,555 INFO   Batter JJ Wetherholt: 10 pitch types, 25 PA in 2026
2026-04-06 14:42:55,557 INFO   Batter Jordan Walker: 11 pitch types, 24 PA in 2026
2026-04-06 14:43:01,691 INFO   Batter José Fermín: 9 pitch types, 2 PA in 2026
2026-04-06 14:43:12,493 INFO   Batter Masyn Winn: 12 pitch types, 20 PA in 2026
2026-04-06 14:43:17,407 INFO   Batter Nathan Church: 11 pitch types, 19 PA in 2026
2026-04-06 14:43:24,721 INFO   Batter Nolan Gorman: 12 pitch types, 24 PA in 2026
2026-04-06 14:43:35,461 INFO   Batter Pedro Pagés: 11 pitch types, 15 PA in 2026
2026-04-06 14:43:35,465 INFO   Processing batters vs Andre Pallante (WSH)
2026-04-06 14:43:42,503 INFO   Pitcher Andre Pallante: 6 pitch types loaded
2026-04-06 14:43:49,724 INFO   Batter Brady House: 12 pitch types, 24 PA in 2026
2026-04-06 14:43:56,951 INFO   Batter CJ Abrams: 13 pitch types, 29 PA in 2026
2026-04-06 14:44:03,778 INFO   Batter Curtis Mead: 10 pitch types, 11 PA in 2026
2026-04-06 14:44:08,797 INFO   Batter Daylen Lile: 12 pitch types, 30 PA in 2026
2026-04-06 14:44:12,469 INFO   Batter Drew Millas: 10 pitch types, 16 PA in 2026
2026-04-06 14:44:20,514 INFO   Batter Jacob Young: 13 pitch types, 18 PA in 2026
2026-04-06 14:44:29,757 INFO   Batter James Wood: 12 pitch types, 30 PA in 2026
2026-04-06 14:44:32,689 INFO   Batter Joey Wiemer: 10 pitch types, 20 PA in 2026
2026-04-06 14:44:36,892 INFO   Batter Jorbit Vivas: 9 pitch types, 20 PA in 2026
2026-04-06 14:44:36,895 INFO   Processing batters vs Brayan Bello (MIL)
2026-04-06 14:44:46,202 INFO   Pitcher Brayan Bello: 6 pitch types loaded
2026-04-06 14:44:52,024 INFO   Batter Roman Anthony: 12 pitch types, 26 PA in 2026
2026-04-06 14:44:57,535 INFO   Batter Masataka Yoshida: 11 pitch types, 15 PA in 2026
2026-04-06 14:45:04,732 INFO   Batter Willson Contreras: 11 pitch types, 28 PA in 2026
2026-04-06 14:45:10,742 INFO   Batter Wilyer Abreu: 13 pitch types, 26 PA in 2026
2026-04-06 14:45:18,244 INFO   Batter Trevor Story: 15 pitch types, 31 PA in 2026
2026-04-06 14:45:22,352 INFO   Batter Marcelo Mayer: 12 pitch types, 20 PA in 2026
2026-04-06 14:45:28,985 INFO   Batter Caleb Durbin: 13 pitch types, 21 PA in 2026
2026-04-06 14:45:36,689 INFO   Batter Carlos Narváez: 13 pitch types, 13 PA in 2026
2026-04-06 14:45:43,542 INFO   Batter Ceddanne Rafaela: 14 pitch types, 20 PA in 2026
2026-04-06 14:45:43,547 INFO   Processing batters vs Brandon Woodruff (BOS)
2026-04-06 14:45:48,219 INFO   Pitcher Brandon Woodruff: 6 pitch types loaded
2026-04-06 14:45:49,073 INFO   Batter Roman Anthony: 12 pitch types, 26 PA in 2026
2026-04-06 14:45:49,348 INFO   Batter Masataka Yoshida: 11 pitch types, 15 PA in 2026
2026-04-06 14:45:49,598 INFO   Batter Willson Contreras: 11 pitch types, 28 PA in 2026
2026-04-06 14:45:49,822 INFO   Batter Wilyer Abreu: 13 pitch types, 26 PA in 2026
2026-04-06 14:45:50,058 INFO   Batter Trevor Story: 15 pitch types, 31 PA in 2026
2026-04-06 14:45:50,255 INFO   Batter Marcelo Mayer: 12 pitch types, 20 PA in 2026
2026-04-06 14:45:50,456 INFO   Batter Caleb Durbin: 13 pitch types, 21 PA in 2026
2026-04-06 14:45:50,665 INFO   Batter Carlos Narváez: 13 pitch types, 13 PA in 2026
2026-04-06 14:45:50,876 INFO   Batter Ceddanne Rafaela: 14 pitch types, 20 PA in 2026
2026-04-06 14:45:50,877 INFO   Processing batters vs Max Scherzer (LAD)
2026-04-06 14:45:55,733 INFO   Pitcher Max Scherzer: 5 pitch types loaded
2026-04-06 14:46:04,032 INFO   Batter Alex Call: 11 pitch types, 10 PA in 2026
2026-04-06 14:46:08,661 INFO   Batter Alex Freeland: 10 pitch types, 20 PA in 2026
2026-04-06 14:46:17,881 INFO   Batter Andy Pages: 13 pitch types, 28 PA in 2026
2026-04-06 14:46:22,834 INFO   Batter Dalton Rushing: 13 pitch types, 5 PA in 2026
2026-04-06 14:46:30,327 INFO   Batter Freddie Freeman: 11 pitch types, 31 PA in 2026
2026-04-06 14:46:35,072 INFO   Batter Hyeseong Kim: 13 pitch types, 0 PA in 2026
2026-04-06 14:46:44,280 INFO   Batter Kyle Tucker: 11 pitch types, 25 PA in 2026
2026-04-06 14:46:51,208 INFO   Batter Max Muncy: 14 pitch types, 20 PA in 2026
2026-04-06 14:46:58,668 INFO   Batter Miguel Rojas: 12 pitch types, 16 PA in 2026
2026-04-06 14:46:58,671 INFO   Processing batters vs Justin Wrobleski (TOR)
2026-04-06 14:47:03,395 INFO   Pitcher Justin Wrobleski: 6 pitch types loaded
2026-04-06 14:47:12,799 INFO   Batter Addison Barger: 13 pitch types, 19 PA in 2026
2026-04-06 14:47:19,779 INFO   Batter Andrés Giménez: 10 pitch types, 26 PA in 2026
2026-04-06 14:47:23,042 INFO   Batter Brandon Valenzuela: 7 pitch types, 3 PA in 2026
2026-04-06 14:47:28,248 INFO   Batter Daulton Varsho: 10 pitch types, 21 PA in 2026
2026-04-06 14:47:34,155 INFO   Batter Davis Schneider: 11 pitch types, 10 PA in 2026
2026-04-06 14:47:41,015 INFO   Batter Ernie Clement: 14 pitch types, 32 PA in 2026
2026-04-06 14:47:48,339 INFO   Batter George Springer: 11 pitch types, 25 PA in 2026
2026-04-06 14:47:55,598 INFO   Batter Jesús Sánchez: 13 pitch types, 23 PA in 2026
2026-04-06 14:47:57,819 INFO   Batter Kazuma Okamoto: 9 pitch types, 33 PA in 2026
2026-04-06 14:47:57,822 INFO   Processing batters vs Joe Ryan (DET)
2026-04-06 14:48:05,570 INFO   Pitcher Joe Ryan: 7 pitch types loaded
2026-04-06 14:48:13,687 INFO   Batter Colt Keith: 11 pitch types, 21 PA in 2026
2026-04-06 14:48:20,778 INFO   Batter Dillon Dingler: 13 pitch types, 21 PA in 2026
2026-04-06 14:48:29,635 INFO   Batter Gleyber Torres: 11 pitch types, 27 PA in 2026
2026-04-06 14:48:34,512 INFO   Batter Jahmai Jones: 12 pitch types, 4 PA in 2026
2026-04-06 14:48:43,325 INFO   Batter Jake Rogers: 11 pitch types, 6 PA in 2026
2026-04-06 14:48:49,987 INFO   Batter Javier Báez: 12 pitch types, 15 PA in 2026
2026-04-06 14:48:56,898 INFO   Batter Kerry Carpenter: 11 pitch types, 24 PA in 2026
2026-04-06 14:48:59,428 INFO   Batter Kevin McGonigle: 10 pitch types, 29 PA in 2026
2026-04-06 14:49:05,330 INFO   Batter Matt Vierling: 10 pitch types, 13 PA in 2026
2026-04-06 14:49:05,333 INFO   Processing batters vs Casey Mize (MIN)
2026-04-06 14:49:12,324 INFO   Pitcher Casey Mize: 6 pitch types loaded
2026-04-06 14:49:19,967 INFO   Batter Austin Martin: 10 pitch types, 16 PA in 2026
2026-04-06 14:49:27,069 INFO   Batter Brooks Lee: 12 pitch types, 14 PA in 2026
2026-04-06 14:49:36,722 INFO   Batter Byron Buxton: 11 pitch types, 21 PA in 2026
2026-04-06 14:49:41,593 INFO   Batter James Outman: 11 pitch types, 7 PA in 2026
2026-04-06 14:49:49,125 INFO   Batter Josh Bell: 13 pitch types, 26 PA in 2026
2026-04-06 14:49:55,100 INFO   Batter Kody Clemens: 13 pitch types, 20 PA in 2026
2026-04-06 14:50:02,198 INFO   Batter Luke Keaschall: 11 pitch types, 27 PA in 2026
2026-04-06 14:50:09,574 INFO   Batter Matt Wallner: 13 pitch types, 28 PA in 2026
2026-04-06 14:50:16,625 INFO   Batter Royce Lewis: 10 pitch types, 20 PA in 2026
2026-04-06 14:50:16,628 INFO   Processing batters vs Grant Taylor (BAL)
2026-04-06 14:50:20,667 INFO   Pitcher Grant Taylor: 5 pitch types loaded
2026-04-06 14:50:28,749 INFO   Batter Adley Rutschman: 13 pitch types, 19 PA in 2026
2026-04-06 14:50:36,068 INFO   Batter Blaze Alexander: 10 pitch types, 17 PA in 2026
2026-04-06 14:50:42,613 INFO   Batter Coby Mayo: 12 pitch types, 20 PA in 2026
2026-04-06 14:50:48,521 INFO   Batter Colton Cowser: 12 pitch types, 17 PA in 2026
2026-04-06 14:50:53,355 INFO   Batter Dylan Beavers: 11 pitch types, 20 PA in 2026
2026-04-06 14:51:01,395 INFO   Batter Gunnar Henderson: 12 pitch types, 31 PA in 2026
2026-04-06 14:51:06,244 INFO   Batter Jeremiah Jackson: 10 pitch types, 20 PA in 2026
2026-04-06 14:51:13,022 INFO   Batter Leody Taveras: 10 pitch types, 11 PA in 2026
2026-04-06 14:51:21,704 INFO   Batter Pete Alonso: 12 pitch types, 26 PA in 2026
2026-04-06 14:51:21,710 INFO   Processing batters vs Brandon Young (CWS)
2026-04-06 14:51:28,124 INFO   Pitcher Brandon Young: 6 pitch types loaded
2026-04-06 14:51:38,190 INFO   Batter Andrew Benintendi: 12 pitch types, 17 PA in 2026
2026-04-06 14:51:47,409 INFO   Batter Austin Hays: 13 pitch types, 25 PA in 2026
2026-04-06 14:51:55,406 INFO   Batter Chase Meidroth: 13 pitch types, 24 PA in 2026
2026-04-06 14:52:02,241 INFO   Batter Colson Montgomery: 11 pitch types, 27 PA in 2026
2026-04-06 14:52:09,021 INFO   Batter Derek Hill: 12 pitch types, 7 PA in 2026
2026-04-06 14:52:17,267 INFO   Batter Edgar Quero: 11 pitch types, 15 PA in 2026
2026-04-06 14:52:25,575 INFO   Batter Lenyn Sosa: 12 pitch types, 13 PA in 2026
2026-04-06 14:52:31,491 INFO   Batter Luisangel Acuña: 12 pitch types, 22 PA in 2026
2026-04-06 14:52:41,306 INFO   Batter Miguel Vargas: 13 pitch types, 29 PA in 2026
2026-04-06 14:52:41,311 INFO   Processing batters vs Jacob deGrom (SEA)
2026-04-06 14:52:49,276 INFO   Pitcher Jacob deGrom: 5 pitch types loaded
2026-04-06 14:53:07,711 INFO   Batter Brendan Donovan: 11 pitch types, 24 PA in 2026
2026-04-06 14:53:17,537 INFO   Batter Cal Raleigh: 12 pitch types, 33 PA in 2026
2026-04-06 14:53:21,789 INFO   Batter Cole Young: 12 pitch types, 28 PA in 2026
2026-04-06 14:53:27,088 INFO   Batter Dominic Canzone: 11 pitch types, 15 PA in 2026
2026-04-06 14:53:37,771 INFO   Batter J.P. Crawford: 12 pitch types, 12 PA in 2026
2026-04-06 14:53:45,639 INFO   Batter Josh Naylor: 11 pitch types, 30 PA in 2026
2026-04-06 14:53:54,036 INFO   Batter Julio Rodríguez: 11 pitch types, 31 PA in 2026
2026-04-06 14:53:58,993 INFO   Batter Leo Rivas: 10 pitch types, 26 PA in 2026
2026-04-06 14:54:05,249 INFO   Batter Luke Raley: 13 pitch types, 22 PA in 2026
2026-04-06 14:54:05,252 INFO   Processing batters vs Logan Gilbert (TEX)
2026-04-06 14:54:11,916 INFO   Pitcher Logan Gilbert: 7 pitch types loaded
2026-04-06 14:54:22,185 INFO   Batter Andrew McCutchen: 11 pitch types, 15 PA in 2026
2026-04-06 14:54:31,009 INFO   Batter Brandon Nimmo: 12 pitch types, 30 PA in 2026
2026-04-06 14:54:37,905 INFO   Batter Corey Seager: 11 pitch types, 28 PA in 2026
2026-04-06 14:54:44,791 INFO   Batter Danny Jansen: 11 pitch types, 19 PA in 2026
2026-04-06 14:54:51,002 INFO   Batter Evan Carter: 13 pitch types, 26 PA in 2026
2026-04-06 14:54:57,457 INFO   Batter Ezequiel Duran: 13 pitch types, 12 PA in 2026
2026-04-06 14:55:03,803 INFO   Batter Jake Burger: 13 pitch types, 26 PA in 2026
2026-04-06 14:55:12,312 INFO   Batter Joc Pederson: 13 pitch types, 19 PA in 2026
2026-04-06 14:55:20,789 INFO   Batter Josh Jung: 13 pitch types, 22 PA in 2026
2026-04-06 14:55:20,793 INFO   Processing batters vs Ryan Feltner (HOU)
2026-04-06 14:55:24,801 INFO   Pitcher Ryan Feltner: 6 pitch types loaded
2026-04-06 14:55:32,143 INFO   Batter Edouard Julien: 11 pitch types, 10 PA in 2026
2026-04-06 14:55:40,093 INFO   Batter Mickey Moniak: 11 pitch types, 9 PA in 2026
2026-04-06 14:55:46,926 INFO   Batter Hunter Goodman: 14 pitch types, 28 PA in 2026
2026-04-06 14:55:51,770 INFO   Batter Troy Johnston: 12 pitch types, 23 PA in 2026
2026-04-06 14:55:56,137 INFO   Batter TJ Rumfield: 10 pitch types, 25 PA in 2026
2026-04-06 14:56:03,170 INFO   Batter Willi Castro: 11 pitch types, 27 PA in 2026
2026-04-06 14:56:13,348 INFO   Batter Brenton Doyle: 14 pitch types, 25 PA in 2026
2026-04-06 14:56:20,014 INFO   Batter Jake McCarthy: 10 pitch types, 17 PA in 2026
2026-04-06 14:56:25,568 INFO   Batter Kyle Karros: 11 pitch types, 25 PA in 2026
2026-04-06 14:56:25,572 INFO   Processing batters vs Cody Bolton (COL)
2026-04-06 14:56:28,177 INFO   Pitcher Cody Bolton: 6 pitch types loaded
2026-04-06 14:56:29,120 INFO   Batter Edouard Julien: 11 pitch types, 10 PA in 2026
2026-04-06 14:56:29,465 INFO   Batter Mickey Moniak: 11 pitch types, 9 PA in 2026
2026-04-06 14:56:29,767 INFO   Batter Hunter Goodman: 14 pitch types, 28 PA in 2026
2026-04-06 14:56:30,021 INFO   Batter Troy Johnston: 12 pitch types, 23 PA in 2026
2026-04-06 14:56:30,251 INFO   Batter TJ Rumfield: 10 pitch types, 25 PA in 2026
2026-04-06 14:56:30,516 INFO   Batter Willi Castro: 11 pitch types, 27 PA in 2026
2026-04-06 14:56:30,782 INFO   Batter Brenton Doyle: 14 pitch types, 25 PA in 2026
2026-04-06 14:56:31,016 INFO   Batter Jake McCarthy: 10 pitch types, 17 PA in 2026
2026-04-06 14:56:31,255 INFO   Batter Kyle Karros: 11 pitch types, 25 PA in 2026
2026-04-06 14:56:31,257 INFO   Processing batters vs José Soriano (ATL)
2026-04-06 14:56:37,922 INFO   Pitcher José Soriano: 6 pitch types loaded
2026-04-06 14:56:47,231 INFO   Batter Austin Riley: 11 pitch types, 30 PA in 2026
2026-04-06 14:56:52,993 INFO   Batter Dominic Smith: 13 pitch types, 20 PA in 2026
2026-04-06 14:57:05,165 INFO   Batter Drake Baldwin: 13 pitch types, 29 PA in 2026
2026-04-06 14:57:11,145 INFO   Batter Eli White: 13 pitch types, 10 PA in 2026
2026-04-06 14:57:21,183 INFO   Batter Jonah Heim: 12 pitch types, 10 PA in 2026
2026-04-06 14:57:26,278 INFO   Batter Jorge Mateo: 11 pitch types, 8 PA in 2026
2026-04-06 14:57:32,751 INFO   Batter Kyle Farmer: 12 pitch types, 3 PA in 2026
2026-04-06 14:57:43,938 INFO   Batter Matt Olson: 13 pitch types, 32 PA in 2026
2026-04-06 14:58:38,405 ERROR Batter fetch failed for Mauricio Dubón: ('Connection aborted.', ConnectionResetError(10054, 'An existing connection was forcibly closed by the remote host', None, 10054, None))
2026-04-06 14:58:38,444 INFO   Processing batters vs Chris Sale (LAA)
2026-04-06 14:58:44,783 INFO   Pitcher Chris Sale: 4 pitch types loaded
2026-04-06 14:58:52,800 INFO   Batter Adam Frazier: 13 pitch types, 8 PA in 2026
2026-04-06 14:58:57,586 INFO   Batter Bryce Teodosio: 10 pitch types, 4 PA in 2026
2026-04-06 14:59:02,732 INFO   Batter Jeimer Candelario: 11 pitch types, 12 PA in 2026
2026-04-06 14:59:11,997 INFO   Batter Jo Adell: 12 pitch types, 31 PA in 2026
2026-04-06 14:59:18,182 INFO   Batter Jorge Soler: 10 pitch types, 30 PA in 2026
2026-04-06 14:59:27,173 INFO   Batter Josh Lowe: 11 pitch types, 23 PA in 2026
2026-04-06 14:59:34,852 INFO   Batter Logan O'Hoppe: 11 pitch types, 22 PA in 2026
2026-04-06 14:59:43,294 INFO   Batter Mike Trout: 13 pitch types, 31 PA in 2026
2026-04-06 14:59:51,082 INFO   Batter Nolan Schanuel: 11 pitch types, 31 PA in 2026
2026-04-06 14:59:51,086 INFO   Processing batters vs Adrian Houser (PHI)
2026-04-06 14:59:58,098 INFO   Pitcher Adrian Houser: 5 pitch types loaded
2026-04-06 15:00:08,925 INFO   Batter Adolis García: 13 pitch types, 28 PA in 2026
2026-04-06 15:00:18,202 INFO   Batter Alec Bohm: 15 pitch types, 26 PA in 2026
2026-04-06 15:00:25,646 INFO   Batter Brandon Marsh: 13 pitch types, 27 PA in 2026
2026-04-06 15:00:35,566 INFO   Batter Bryce Harper: 12 pitch types, 26 PA in 2026
2026-04-06 15:00:46,947 INFO   Batter Bryson Stott: 14 pitch types, 22 PA in 2026
2026-04-06 15:00:53,223 INFO   Batter Dylan Moore: 10 pitch types, 2 PA in 2026
2026-04-06 15:01:02,646 INFO   Batter Edmundo Sosa: 12 pitch types, 9 PA in 2026
2026-04-06 15:01:11,464 INFO   Batter J.T. Realmuto: 14 pitch types, 20 PA in 2026
2026-04-06 15:01:14,667 INFO   Batter Justin Crawford: 9 pitch types, 21 PA in 2026
2026-04-06 15:01:14,670 INFO   Processing batters vs Andrew Painter (SF)
2026-04-06 15:01:18,300 INFO   Pitcher Andrew Painter: 6 pitch types loaded
2026-04-06 15:01:26,346 INFO   Batter Casey Schmitt: 13 pitch types, 18 PA in 2026
2026-04-06 15:01:32,940 INFO   Batter Christian Koss: 13 pitch types, 0 PA in 2026
2026-04-06 15:01:36,768 INFO   Batter Daniel Susac: 5 pitch types, 4 PA in 2026
2026-04-06 15:01:49,225 INFO   Batter Harrison Bader: 15 pitch types, 28 PA in 2026
2026-04-06 15:01:59,557 INFO   Batter Heliot Ramos: 13 pitch types, 31 PA in 2026
2026-04-06 15:02:03,180 INFO   Batter Jared Oliva: 0 pitch types, 0 PA in 2026
2026-04-06 15:02:07,702 INFO   Batter Jerar Encarnacion: 12 pitch types, 7 PA in 2026
2026-04-06 15:02:18,324 INFO   Batter Jung Hoo Lee: 14 pitch types, 27 PA in 2026
2026-04-06 15:02:28,017 INFO   Batter Luis Arraez: 14 pitch types, 28 PA in 2026
2026-04-06 15:02:28,025 INFO ✓ Wrote data\data.json — 0 targets, 1 fades
2026-04-06 15:02:28,026 INFO   PRIME: 0 | HIGH: 0 | MED: 0
2026-04-06 15:04:40,684 INFO === MLB HR Props Pipeline — 2026-04-06 ===
2026-04-06 15:04:40,685 INFO Fetching weather from RotoWire…
2026-04-06 15:04:41,537 INFO RotoWire weather: 9 outdoor parks parsed
2026-04-06 15:04:42,169 INFO Found 13 games for 2026-04-06
2026-04-06 15:04:42,173 INFO   Processing batters vs Shane McClanahan (CHC)
2026-04-06 15:04:42,476 INFO   Pitcher Shane McClanahan: 4 pitch types loaded
2026-04-06 15:04:43,420 INFO   Batter Yandy Díaz: 12 pitch types, 22 PA in 2026
2026-04-06 15:04:43,725 INFO   Batter Jonathan Aranda: 12 pitch types, 25 PA in 2026
2026-04-06 15:04:44,016 INFO   Batter Jake Fraley: 13 pitch types, 17 PA in 2026
2026-04-06 15:04:44,296 INFO   Batter Junior Caminero: 13 pitch types, 26 PA in 2026
2026-04-06 15:04:44,563 INFO   Batter Chandler Simpson: 12 pitch types, 31 PA in 2026
2026-04-06 15:04:44,826 INFO   Batter Nick Fortes: 12 pitch types, 18 PA in 2026
2026-04-06 15:04:45,117 INFO   Batter Cedric Mullins: 13 pitch types, 27 PA in 2026
2026-04-06 15:04:45,391 INFO   Batter Ben Williamson: 13 pitch types, 26 PA in 2026
2026-04-06 15:04:46,000 INFO   Batter Taylor Walls: 11 pitch types, 0 PA in 2026
2026-04-06 15:04:46,001 INFO   Processing batters vs Jameson Taillon (TB)
2026-04-06 15:04:46,170 INFO   Pitcher Jameson Taillon: 6 pitch types loaded
2026-04-06 15:04:46,806 INFO   Batter Yandy Díaz: 12 pitch types, 22 PA in 2026
2026-04-06 15:04:47,085 INFO   Batter Jonathan Aranda: 12 pitch types, 25 PA in 2026
2026-04-06 15:04:47,361 INFO   Batter Jake Fraley: 13 pitch types, 17 PA in 2026
2026-04-06 15:04:47,644 INFO   Batter Junior Caminero: 13 pitch types, 26 PA in 2026
2026-04-06 15:04:47,911 INFO   Batter Chandler Simpson: 12 pitch types, 31 PA in 2026
2026-04-06 15:04:48,172 INFO   Batter Nick Fortes: 12 pitch types, 18 PA in 2026
2026-04-06 15:04:48,448 INFO   Batter Cedric Mullins: 13 pitch types, 27 PA in 2026
2026-04-06 15:04:48,716 INFO   Batter Ben Williamson: 13 pitch types, 26 PA in 2026
2026-04-06 15:04:49,318 INFO   Batter Taylor Walls: 11 pitch types, 0 PA in 2026
2026-04-06 15:04:49,319 INFO   Processing batters vs Tanner Bibee (KC)
2026-04-06 15:04:49,502 INFO   Pitcher Tanner Bibee: 6 pitch types loaded
2026-04-06 15:04:50,248 INFO   Batter Steven Kwan: 10 pitch types, 25 PA in 2026
2026-04-06 15:04:50,487 INFO   Batter Chase DeLauter: 9 pitch types, 21 PA in 2026
2026-04-06 15:04:50,766 INFO   Batter José Ramírez: 13 pitch types, 23 PA in 2026
2026-04-06 15:04:51,018 INFO   Batter Kyle Manzardo: 10 pitch types, 20 PA in 2026
2026-04-06 15:04:51,319 INFO   Batter Rhys Hoskins: 11 pitch types, 17 PA in 2026
2026-04-06 15:04:51,599 INFO   Batter Bo Naylor: 11 pitch types, 16 PA in 2026
2026-04-06 15:04:51,849 INFO   Batter CJ Kayfus: 10 pitch types, 16 PA in 2026
2026-04-06 15:04:52,100 INFO   Batter Gabriel Arias: 10 pitch types, 20 PA in 2026
2026-04-06 15:04:52,360 INFO   Batter Brayan Rocchio: 11 pitch types, 25 PA in 2026
2026-04-06 15:04:52,361 INFO   Processing batters vs Michael Wacha (CLE)
2026-04-06 15:04:52,532 INFO   Pitcher Michael Wacha: 6 pitch types loaded
2026-04-06 15:04:53,183 INFO   Batter Steven Kwan: 10 pitch types, 25 PA in 2026
2026-04-06 15:04:53,418 INFO   Batter Chase DeLauter: 9 pitch types, 21 PA in 2026
2026-04-06 15:04:53,694 INFO   Batter José Ramírez: 13 pitch types, 23 PA in 2026
2026-04-06 15:04:53,952 INFO   Batter Kyle Manzardo: 10 pitch types, 20 PA in 2026
2026-04-06 15:04:54,206 INFO   Batter Rhys Hoskins: 11 pitch types, 17 PA in 2026
2026-04-06 15:04:54,471 INFO   Batter Bo Naylor: 11 pitch types, 16 PA in 2026
2026-04-06 15:04:54,712 INFO   Batter CJ Kayfus: 10 pitch types, 16 PA in 2026
2026-04-06 15:04:54,963 INFO   Batter Gabriel Arias: 10 pitch types, 20 PA in 2026
2026-04-06 15:04:55,219 INFO   Batter Brayan Rocchio: 11 pitch types, 25 PA in 2026
2026-04-06 15:04:55,220 INFO   Processing batters vs Bubba Chandler (SD)
2026-04-06 15:04:55,390 INFO   Pitcher Bubba Chandler: 4 pitch types loaded
2026-04-06 15:04:56,766 INFO   Batter Bryce Johnson: 11 pitch types, 9 PA in 2026
2026-04-06 15:04:57,024 INFO   Batter Fernando Tatis Jr.: 11 pitch types, 29 PA in 2026
2026-04-06 15:04:57,279 INFO   Batter Freddy Fermin: 10 pitch types, 15 PA in 2026
2026-04-06 15:04:57,546 INFO   Batter Gavin Sheets: 11 pitch types, 18 PA in 2026
2026-04-06 15:04:57,815 INFO   Batter Jackson Merrill: 12 pitch types, 24 PA in 2026
2026-04-06 15:04:58,091 INFO   Batter Jake Cronenworth: 13 pitch types, 28 PA in 2026
2026-04-06 15:04:58,331 INFO   Batter Luis Campusano: 10 pitch types, 9 PA in 2026
2026-04-06 15:04:58,602 INFO   Batter Manny Machado: 12 pitch types, 27 PA in 2026
2026-04-06 15:04:58,868 INFO   Batter Miguel Andujar: 12 pitch types, 21 PA in 2026
2026-04-06 15:04:58,869 INFO   Processing batters vs Germán Márquez (PIT)
2026-04-06 15:04:59,041 INFO   Pitcher Germán Márquez: 5 pitch types loaded
2026-04-06 15:05:00,628 INFO   Batter Billy Cook: 5 pitch types, 0 PA in 2026
2026-04-06 15:05:00,894 INFO   Batter Brandon Lowe: 12 pitch types, 26 PA in 2026
2026-04-06 15:05:01,177 INFO   Batter Bryan Reynolds: 11 pitch types, 28 PA in 2026
2026-04-06 15:05:01,438 INFO   Batter Henry Davis: 12 pitch types, 18 PA in 2026
2026-04-06 15:05:01,711 INFO   Batter Jake Mangum: 12 pitch types, 22 PA in 2026
2026-04-06 15:05:01,969 INFO   Batter Joey Bart: 11 pitch types, 9 PA in 2026
2026-04-06 15:05:02,552 INFO   Batter Konnor Griffin: 8 pitch types, 11 PA in 2026
2026-04-06 15:05:02,826 INFO   Batter Marcell Ozuna: 12 pitch types, 23 PA in 2026
2026-04-06 15:05:03,090 INFO   Batter Nick Gonzales: 12 pitch types, 26 PA in 2026
2026-04-06 15:05:03,092 INFO   Processing batters vs Janson Junk (CIN)
2026-04-06 15:05:03,259 INFO   Pitcher Janson Junk: 5 pitch types loaded
2026-04-06 15:05:03,914 INFO   Batter Austin Slater: 13 pitch types, 13 PA in 2026
2026-04-06 15:05:04,188 INFO   Batter Agustín Ramírez: 13 pitch types, 31 PA in 2026
2026-04-06 15:05:04,461 INFO   Batter Jakob Marsee: 12 pitch types, 28 PA in 2026
2026-04-06 15:05:13,196 INFO   Batter Otto Lopez: 13 pitch types, 32 PA in 2026
2026-04-06 15:05:13,532 INFO   Batter Heriberto Hernández: 13 pitch types, 24 PA in 2026
2026-04-06 15:05:13,820 INFO   Batter Connor Norby: 13 pitch types, 25 PA in 2026
2026-04-06 15:05:22,638 INFO   Batter Xavier Edwards: 11 pitch types, 31 PA in 2026
2026-04-06 15:05:22,945 INFO   Batter Leo Jiménez: 9 pitch types, 4 PA in 2026
2026-04-06 15:05:23,246 INFO   Batter Javier Sanoja: 13 pitch types, 20 PA in 2026
2026-04-06 15:05:23,247 INFO   Processing batters vs Brandon Williamson (MIA)
2026-04-06 15:05:23,773 INFO   Pitcher Brandon Williamson: 6 pitch types loaded
2026-04-06 15:05:24,445 INFO   Batter Austin Slater: 13 pitch types, 13 PA in 2026
2026-04-06 15:05:24,734 INFO   Batter Agustín Ramírez: 13 pitch types, 31 PA in 2026
2026-04-06 15:05:25,005 INFO   Batter Jakob Marsee: 12 pitch types, 28 PA in 2026
2026-04-06 15:05:25,284 INFO   Batter Otto Lopez: 13 pitch types, 32 PA in 2026
2026-04-06 15:05:25,556 INFO   Batter Heriberto Hernández: 13 pitch types, 24 PA in 2026
2026-04-06 15:05:25,828 INFO   Batter Connor Norby: 13 pitch types, 25 PA in 2026
2026-04-06 15:05:26,088 INFO   Batter Xavier Edwards: 11 pitch types, 31 PA in 2026
2026-04-06 15:05:26,320 INFO   Batter Leo Jiménez: 9 pitch types, 4 PA in 2026
2026-04-06 15:05:26,601 INFO   Batter Javier Sanoja: 13 pitch types, 20 PA in 2026
2026-04-06 15:05:26,603 INFO   Processing batters vs Zack Littell (STL)
2026-04-06 15:05:26,776 INFO   Pitcher Zack Littell: 5 pitch types loaded
2026-04-06 15:05:27,422 INFO   Batter James Wood: 12 pitch types, 30 PA in 2026
2026-04-06 15:05:35,566 INFO   Batter Luis García Jr.: 14 pitch types, 28 PA in 2026
2026-04-06 15:05:35,956 INFO   Batter Brady House: 12 pitch types, 24 PA in 2026
2026-04-06 15:05:36,287 INFO   Batter Daylen Lile: 12 pitch types, 30 PA in 2026
2026-04-06 15:05:36,643 INFO   Batter CJ Abrams: 13 pitch types, 29 PA in 2026
2026-04-06 15:05:40,329 INFO   Batter Nasim Nuñez: 10 pitch types, 23 PA in 2026
2026-04-06 15:05:45,697 INFO   Batter José Tena: 11 pitch types, 13 PA in 2026
2026-04-06 15:05:46,102 INFO   Batter Drew Millas: 10 pitch types, 16 PA in 2026
2026-04-06 15:05:46,493 INFO   Batter Jacob Young: 13 pitch types, 18 PA in 2026
2026-04-06 15:05:46,495 INFO   Processing batters vs Andre Pallante (WSH)
2026-04-06 15:05:46,717 INFO   Pitcher Andre Pallante: 6 pitch types loaded
2026-04-06 15:05:47,402 INFO   Batter James Wood: 12 pitch types, 30 PA in 2026
2026-04-06 15:05:47,691 INFO   Batter Luis García Jr.: 14 pitch types, 28 PA in 2026
2026-04-06 15:05:47,967 INFO   Batter Brady House: 12 pitch types, 24 PA in 2026
2026-04-06 15:05:48,249 INFO   Batter Daylen Lile: 12 pitch types, 30 PA in 2026
2026-04-06 15:05:48,544 INFO   Batter CJ Abrams: 13 pitch types, 29 PA in 2026
2026-04-06 15:05:48,799 INFO   Batter Nasim Nuñez: 10 pitch types, 23 PA in 2026
2026-04-06 15:05:49,067 INFO   Batter José Tena: 11 pitch types, 13 PA in 2026
2026-04-06 15:05:49,321 INFO   Batter Drew Millas: 10 pitch types, 16 PA in 2026
2026-04-06 15:05:49,610 INFO   Batter Jacob Young: 13 pitch types, 18 PA in 2026
2026-04-06 15:05:49,612 INFO   Processing batters vs Brayan Bello (MIL)
2026-04-06 15:05:49,794 INFO   Pitcher Brayan Bello: 6 pitch types loaded
2026-04-06 15:05:50,436 INFO   Batter Roman Anthony: 12 pitch types, 26 PA in 2026
2026-04-06 15:05:50,695 INFO   Batter Masataka Yoshida: 11 pitch types, 15 PA in 2026
2026-04-06 15:05:50,952 INFO   Batter Willson Contreras: 11 pitch types, 28 PA in 2026
2026-04-06 15:05:51,225 INFO   Batter Wilyer Abreu: 13 pitch types, 26 PA in 2026
2026-04-06 15:05:51,522 INFO   Batter Trevor Story: 15 pitch types, 31 PA in 2026
2026-04-06 15:05:51,794 INFO   Batter Marcelo Mayer: 12 pitch types, 20 PA in 2026
2026-04-06 15:05:52,076 INFO   Batter Caleb Durbin: 13 pitch types, 21 PA in 2026
2026-04-06 15:05:52,353 INFO   Batter Carlos Narváez: 13 pitch types, 13 PA in 2026
2026-04-06 15:05:52,643 INFO   Batter Ceddanne Rafaela: 14 pitch types, 20 PA in 2026
2026-04-06 15:05:52,645 INFO   Processing batters vs Brandon Woodruff (BOS)
2026-04-06 15:05:52,815 INFO   Pitcher Brandon Woodruff: 6 pitch types loaded
2026-04-06 15:05:53,470 INFO   Batter Roman Anthony: 12 pitch types, 26 PA in 2026
2026-04-06 15:05:53,729 INFO   Batter Masataka Yoshida: 11 pitch types, 15 PA in 2026
2026-04-06 15:05:53,987 INFO   Batter Willson Contreras: 11 pitch types, 28 PA in 2026
2026-04-06 15:05:54,266 INFO   Batter Wilyer Abreu: 13 pitch types, 26 PA in 2026
2026-04-06 15:05:54,587 INFO   Batter Trevor Story: 15 pitch types, 31 PA in 2026
2026-04-06 15:05:54,851 INFO   Batter Marcelo Mayer: 12 pitch types, 20 PA in 2026
2026-04-06 15:05:55,124 INFO   Batter Caleb Durbin: 13 pitch types, 21 PA in 2026
2026-04-06 15:05:55,404 INFO   Batter Carlos Narváez: 13 pitch types, 13 PA in 2026
2026-04-06 15:05:55,693 INFO   Batter Ceddanne Rafaela: 14 pitch types, 20 PA in 2026
2026-04-06 15:05:55,695 INFO   Processing batters vs Max Scherzer (LAD)
2026-04-06 15:05:55,867 INFO   Pitcher Max Scherzer: 5 pitch types loaded
2026-04-06 15:05:56,513 INFO   Batter George Springer: 11 pitch types, 25 PA in 2026
2026-04-06 15:05:56,773 INFO   Batter Davis Schneider: 11 pitch types, 10 PA in 2026
2026-04-06 15:06:06,515 INFO   Batter Vladimir Guerrero Jr.: 13 pitch types, 27 PA in 2026
2026-04-06 15:06:07,412 INFO   Batter Kazuma Okamoto: 9 pitch types, 33 PA in 2026
2026-04-06 15:06:07,842 INFO   Batter Ernie Clement: 14 pitch types, 32 PA in 2026
2026-04-06 15:06:08,186 INFO   Batter Daulton Varsho: 10 pitch types, 21 PA in 2026
2026-04-06 15:06:16,231 INFO   Batter Myles Straw: 12 pitch types, 8 PA in 2026
2026-04-06 15:06:22,838 INFO   Batter Tyler Heineman: 12 pitch types, 9 PA in 2026
2026-04-06 15:06:23,257 INFO   Batter Andrés Giménez: 10 pitch types, 26 PA in 2026
2026-04-06 15:06:23,260 INFO   Processing batters vs Justin Wrobleski (TOR)
2026-04-06 15:06:23,537 INFO   Pitcher Justin Wrobleski: 6 pitch types loaded
2026-04-06 15:06:24,560 INFO   Batter George Springer: 11 pitch types, 25 PA in 2026
2026-04-06 15:06:24,901 INFO   Batter Davis Schneider: 11 pitch types, 10 PA in 2026
2026-04-06 15:06:25,229 INFO   Batter Vladimir Guerrero Jr.: 13 pitch types, 27 PA in 2026
2026-04-06 15:06:25,859 INFO   Batter Kazuma Okamoto: 9 pitch types, 33 PA in 2026
2026-04-06 15:06:26,155 INFO   Batter Ernie Clement: 14 pitch types, 32 PA in 2026
2026-04-06 15:06:26,408 INFO   Batter Daulton Varsho: 10 pitch types, 21 PA in 2026
2026-04-06 15:06:26,676 INFO   Batter Myles Straw: 12 pitch types, 8 PA in 2026
2026-04-06 15:06:26,952 INFO   Batter Tyler Heineman: 12 pitch types, 9 PA in 2026
2026-04-06 15:06:27,214 INFO   Batter Andrés Giménez: 10 pitch types, 26 PA in 2026
2026-04-06 15:06:27,215 INFO   Processing batters vs Joe Ryan (DET)
2026-04-06 15:06:27,396 INFO   Pitcher Joe Ryan: 7 pitch types loaded
2026-04-06 15:06:28,820 INFO   Batter Colt Keith: 11 pitch types, 21 PA in 2026
2026-04-06 15:06:29,114 INFO   Batter Dillon Dingler: 13 pitch types, 21 PA in 2026
2026-04-06 15:06:29,393 INFO   Batter Gleyber Torres: 11 pitch types, 27 PA in 2026
2026-04-06 15:06:29,689 INFO   Batter Jahmai Jones: 12 pitch types, 4 PA in 2026
2026-04-06 15:06:30,011 INFO   Batter Jake Rogers: 11 pitch types, 6 PA in 2026
2026-04-06 15:06:30,313 INFO   Batter Javier Báez: 12 pitch types, 15 PA in 2026
2026-04-06 15:06:30,625 INFO   Batter Kerry Carpenter: 11 pitch types, 24 PA in 2026
2026-04-06 15:06:30,990 INFO   Batter Kevin McGonigle: 10 pitch types, 29 PA in 2026
2026-04-06 15:06:31,295 INFO   Batter Matt Vierling: 10 pitch types, 13 PA in 2026
2026-04-06 15:06:31,297 INFO   Processing batters vs Casey Mize (MIN)
2026-04-06 15:06:31,494 INFO   Pitcher Casey Mize: 6 pitch types loaded
2026-04-06 15:06:32,960 INFO   Batter Austin Martin: 10 pitch types, 16 PA in 2026
2026-04-06 15:06:33,269 INFO   Batter Brooks Lee: 12 pitch types, 14 PA in 2026
2026-04-06 15:06:33,538 INFO   Batter Byron Buxton: 11 pitch types, 21 PA in 2026
2026-04-06 15:06:33,805 INFO   Batter James Outman: 11 pitch types, 7 PA in 2026
2026-04-06 15:06:34,143 INFO   Batter Josh Bell: 13 pitch types, 26 PA in 2026
2026-04-06 15:06:34,497 INFO   Batter Kody Clemens: 13 pitch types, 20 PA in 2026
2026-04-06 15:06:34,788 INFO   Batter Luke Keaschall: 11 pitch types, 27 PA in 2026
2026-04-06 15:06:35,119 INFO   Batter Matt Wallner: 13 pitch types, 28 PA in 2026
2026-04-06 15:06:35,398 INFO   Batter Royce Lewis: 10 pitch types, 20 PA in 2026
2026-04-06 15:06:35,400 INFO   Processing batters vs Grant Taylor (BAL)
2026-04-06 15:06:35,597 INFO   Pitcher Grant Taylor: 5 pitch types loaded
2026-04-06 15:06:36,972 INFO   Batter Adley Rutschman: 13 pitch types, 19 PA in 2026
2026-04-06 15:06:37,238 INFO   Batter Blaze Alexander: 10 pitch types, 17 PA in 2026
2026-04-06 15:06:37,515 INFO   Batter Coby Mayo: 12 pitch types, 20 PA in 2026
2026-04-06 15:06:37,812 INFO   Batter Colton Cowser: 12 pitch types, 17 PA in 2026
2026-04-06 15:06:38,087 INFO   Batter Dylan Beavers: 11 pitch types, 20 PA in 2026
2026-04-06 15:06:38,386 INFO   Batter Gunnar Henderson: 12 pitch types, 31 PA in 2026
2026-04-06 15:06:38,655 INFO   Batter Jeremiah Jackson: 10 pitch types, 20 PA in 2026
2026-04-06 15:06:38,950 INFO   Batter Leody Taveras: 10 pitch types, 11 PA in 2026
2026-04-06 15:06:39,238 INFO   Batter Pete Alonso: 12 pitch types, 26 PA in 2026
2026-04-06 15:06:39,240 INFO   Processing batters vs Brandon Young (CWS)
2026-04-06 15:06:40,475 INFO   Pitcher Brandon Young: 6 pitch types loaded
2026-04-06 15:06:41,851 INFO   Batter Andrew Benintendi: 12 pitch types, 17 PA in 2026
2026-04-06 15:06:42,157 INFO   Batter Austin Hays: 13 pitch types, 25 PA in 2026
2026-04-06 15:06:42,457 INFO   Batter Chase Meidroth: 13 pitch types, 24 PA in 2026
2026-04-06 15:06:42,761 INFO   Batter Colson Montgomery: 11 pitch types, 27 PA in 2026
2026-04-06 15:06:43,070 INFO   Batter Derek Hill: 12 pitch types, 7 PA in 2026
2026-04-06 15:06:43,345 INFO   Batter Edgar Quero: 11 pitch types, 15 PA in 2026
2026-04-06 15:06:43,632 INFO   Batter Lenyn Sosa: 12 pitch types, 13 PA in 2026
2026-04-06 15:06:43,908 INFO   Batter Luisangel Acuña: 12 pitch types, 22 PA in 2026
2026-04-06 15:06:44,215 INFO   Batter Miguel Vargas: 13 pitch types, 29 PA in 2026
2026-04-06 15:06:44,217 INFO   Processing batters vs Jacob deGrom (SEA)
2026-04-06 15:06:44,400 INFO   Pitcher Jacob deGrom: 5 pitch types loaded
2026-04-06 15:06:45,759 INFO   Batter Brendan Donovan: 11 pitch types, 24 PA in 2026
2026-04-06 15:06:46,066 INFO   Batter Cal Raleigh: 12 pitch types, 33 PA in 2026
2026-04-06 15:06:46,346 INFO   Batter Cole Young: 12 pitch types, 28 PA in 2026
2026-04-06 15:06:46,663 INFO   Batter Dominic Canzone: 11 pitch types, 15 PA in 2026
2026-04-06 15:06:46,955 INFO   Batter J.P. Crawford: 12 pitch types, 12 PA in 2026
2026-04-06 15:06:47,225 INFO   Batter Josh Naylor: 11 pitch types, 30 PA in 2026
2026-04-06 15:06:47,493 INFO   Batter Julio Rodríguez: 11 pitch types, 31 PA in 2026
2026-04-06 15:06:47,761 INFO   Batter Leo Rivas: 10 pitch types, 26 PA in 2026
2026-04-06 15:06:48,052 INFO   Batter Luke Raley: 13 pitch types, 22 PA in 2026
2026-04-06 15:06:48,053 INFO   Processing batters vs Logan Gilbert (TEX)
2026-04-06 15:06:48,237 INFO   Pitcher Logan Gilbert: 7 pitch types loaded
2026-04-06 15:06:49,534 INFO   Batter Andrew McCutchen: 11 pitch types, 15 PA in 2026
2026-04-06 15:06:49,825 INFO   Batter Brandon Nimmo: 12 pitch types, 30 PA in 2026
2026-04-06 15:06:50,090 INFO   Batter Corey Seager: 11 pitch types, 28 PA in 2026
2026-04-06 15:06:50,363 INFO   Batter Danny Jansen: 11 pitch types, 19 PA in 2026
2026-04-06 15:06:50,653 INFO   Batter Evan Carter: 13 pitch types, 26 PA in 2026
2026-04-06 15:06:50,943 INFO   Batter Ezequiel Duran: 13 pitch types, 12 PA in 2026
2026-04-06 15:06:51,233 INFO   Batter Jake Burger: 13 pitch types, 26 PA in 2026
2026-04-06 15:06:51,521 INFO   Batter Joc Pederson: 13 pitch types, 19 PA in 2026
2026-04-06 15:06:51,806 INFO   Batter Josh Jung: 13 pitch types, 22 PA in 2026
2026-04-06 15:06:51,807 INFO   Processing batters vs Ryan Feltner (HOU)
2026-04-06 15:06:51,988 INFO   Pitcher Ryan Feltner: 6 pitch types loaded
2026-04-06 15:06:52,859 INFO   Batter Edouard Julien: 11 pitch types, 10 PA in 2026
2026-04-06 15:06:53,201 INFO   Batter Mickey Moniak: 11 pitch types, 9 PA in 2026
2026-04-06 15:06:53,522 INFO   Batter Hunter Goodman: 14 pitch types, 28 PA in 2026
2026-04-06 15:06:53,806 INFO   Batter Troy Johnston: 12 pitch types, 23 PA in 2026
2026-04-06 15:06:54,067 INFO   Batter TJ Rumfield: 10 pitch types, 25 PA in 2026
2026-04-06 15:06:54,374 INFO   Batter Willi Castro: 11 pitch types, 27 PA in 2026
2026-04-06 15:06:54,681 INFO   Batter Brenton Doyle: 14 pitch types, 25 PA in 2026
2026-04-06 15:06:54,957 INFO   Batter Jake McCarthy: 10 pitch types, 17 PA in 2026
2026-04-06 15:06:55,224 INFO   Batter Kyle Karros: 11 pitch types, 25 PA in 2026
2026-04-06 15:06:55,225 INFO   Processing batters vs Cody Bolton (COL)
2026-04-06 15:06:55,405 INFO   Pitcher Cody Bolton: 6 pitch types loaded
2026-04-06 15:06:56,317 INFO   Batter Edouard Julien: 11 pitch types, 10 PA in 2026
2026-04-06 15:06:56,648 INFO   Batter Mickey Moniak: 11 pitch types, 9 PA in 2026
2026-04-06 15:06:56,987 INFO   Batter Hunter Goodman: 14 pitch types, 28 PA in 2026
2026-04-06 15:06:57,300 INFO   Batter Troy Johnston: 12 pitch types, 23 PA in 2026
2026-04-06 15:06:57,586 INFO   Batter TJ Rumfield: 10 pitch types, 25 PA in 2026
2026-04-06 15:06:57,887 INFO   Batter Willi Castro: 11 pitch types, 27 PA in 2026
2026-04-06 15:06:58,226 INFO   Batter Brenton Doyle: 14 pitch types, 25 PA in 2026
2026-04-06 15:06:58,545 INFO   Batter Jake McCarthy: 10 pitch types, 17 PA in 2026
2026-04-06 15:06:58,847 INFO   Batter Kyle Karros: 11 pitch types, 25 PA in 2026
2026-04-06 15:06:58,848 INFO   Processing batters vs José Soriano (ATL)
2026-04-06 15:06:59,048 INFO   Pitcher José Soriano: 6 pitch types loaded
2026-04-06 15:07:00,544 INFO   Batter Austin Riley: 11 pitch types, 30 PA in 2026
2026-04-06 15:07:00,841 INFO   Batter Dominic Smith: 13 pitch types, 20 PA in 2026
2026-04-06 15:07:01,131 INFO   Batter Drake Baldwin: 13 pitch types, 29 PA in 2026
2026-04-06 15:07:01,424 INFO   Batter Eli White: 13 pitch types, 10 PA in 2026
2026-04-06 15:07:01,698 INFO   Batter Jonah Heim: 12 pitch types, 10 PA in 2026
2026-04-06 15:07:01,972 INFO   Batter Jorge Mateo: 11 pitch types, 8 PA in 2026
2026-04-06 15:07:02,266 INFO   Batter Kyle Farmer: 12 pitch types, 3 PA in 2026
2026-04-06 15:07:02,588 INFO   Batter Matt Olson: 13 pitch types, 32 PA in 2026
2026-04-06 15:07:05,333 INFO   Batter Mauricio Dubón: 11 pitch types, 29 PA in 2026
2026-04-06 15:07:05,335 INFO   Processing batters vs Chris Sale (LAA)
2026-04-06 15:07:05,519 INFO   Pitcher Chris Sale: 4 pitch types loaded
2026-04-06 15:07:06,998 INFO   Batter Adam Frazier: 13 pitch types, 8 PA in 2026
2026-04-06 15:07:07,265 INFO   Batter Bryce Teodosio: 10 pitch types, 4 PA in 2026
2026-04-06 15:07:07,550 INFO   Batter Jeimer Candelario: 11 pitch types, 12 PA in 2026
2026-04-06 15:07:07,845 INFO   Batter Jo Adell: 12 pitch types, 31 PA in 2026
2026-04-06 15:07:08,124 INFO   Batter Jorge Soler: 10 pitch types, 30 PA in 2026
2026-04-06 15:07:08,434 INFO   Batter Josh Lowe: 11 pitch types, 23 PA in 2026
2026-04-06 15:07:08,713 INFO   Batter Logan O'Hoppe: 11 pitch types, 22 PA in 2026
2026-04-06 15:07:09,007 INFO   Batter Mike Trout: 13 pitch types, 31 PA in 2026
2026-04-06 15:07:09,324 INFO   Batter Nolan Schanuel: 11 pitch types, 31 PA in 2026
2026-04-06 15:07:09,326 INFO   Processing batters vs Adrian Houser (PHI)
2026-04-06 15:07:09,526 INFO   Pitcher Adrian Houser: 5 pitch types loaded
2026-04-06 15:07:10,946 INFO   Batter Adolis García: 13 pitch types, 28 PA in 2026
2026-04-06 15:07:11,260 INFO   Batter Alec Bohm: 15 pitch types, 26 PA in 2026
2026-04-06 15:07:11,582 INFO   Batter Brandon Marsh: 13 pitch types, 27 PA in 2026
2026-04-06 15:07:11,869 INFO   Batter Bryce Harper: 12 pitch types, 26 PA in 2026
2026-04-06 15:07:12,168 INFO   Batter Bryson Stott: 14 pitch types, 22 PA in 2026
2026-04-06 15:07:12,432 INFO   Batter Dylan Moore: 10 pitch types, 2 PA in 2026
2026-04-06 15:07:12,710 INFO   Batter Edmundo Sosa: 12 pitch types, 9 PA in 2026
2026-04-06 15:07:13,002 INFO   Batter J.T. Realmuto: 14 pitch types, 20 PA in 2026
2026-04-06 15:07:13,603 INFO   Batter Justin Crawford: 9 pitch types, 21 PA in 2026
2026-04-06 15:07:13,604 INFO   Processing batters vs Andrew Painter (SF)
2026-04-06 15:07:14,125 INFO   Pitcher Andrew Painter: 6 pitch types loaded
2026-04-06 15:07:15,933 INFO   Batter Casey Schmitt: 13 pitch types, 18 PA in 2026
2026-04-06 15:07:16,604 INFO   Batter Christian Koss: 13 pitch types, 0 PA in 2026
2026-04-06 15:07:16,812 INFO   Batter Daniel Susac: 5 pitch types, 4 PA in 2026
2026-04-06 15:07:17,109 INFO   Batter Harrison Bader: 15 pitch types, 28 PA in 2026
2026-04-06 15:07:17,389 INFO   Batter Heliot Ramos: 13 pitch types, 31 PA in 2026
2026-04-06 15:07:17,910 INFO   Batter Jared Oliva: 0 pitch types, 0 PA in 2026
2026-04-06 15:07:18,179 INFO   Batter Jerar Encarnacion: 12 pitch types, 7 PA in 2026
2026-04-06 15:07:18,478 INFO   Batter Jung Hoo Lee: 14 pitch types, 27 PA in 2026
2026-04-06 15:07:18,767 INFO   Batter Luis Arraez: 14 pitch types, 28 PA in 2026
2026-04-06 15:07:18,771 INFO ✓ Wrote data\data.json — 0 targets, 1 fades
2026-04-06 15:07:18,771 INFO   PRIME: 0 | HIGH: 0 | MED: 0
2026-04-06 15:27:27,294 INFO === MLB HR Props Pipeline — 2026-04-06 ===
2026-04-06 15:27:27,294 INFO Fetching weather from RotoWire…
2026-04-06 15:27:28,045 INFO RotoWire weather: 9 outdoor parks parsed
2026-04-06 15:27:28,644 INFO Found 13 games for 2026-04-06
2026-04-06 15:27:28,647 INFO   Processing batters vs Shane McClanahan (CHC)
2026-04-06 15:27:28,986 INFO   Pitcher Shane McClanahan: 4 pitch types loaded
2026-04-06 15:27:29,993 INFO   Batter Yandy Díaz: 12 pitch types, 22 PA in 2026
2026-04-06 15:27:30,407 INFO   Batter Jonathan Aranda: 12 pitch types, 25 PA in 2026
2026-04-06 15:27:30,772 INFO   Batter Jake Fraley: 13 pitch types, 17 PA in 2026
2026-04-06 15:27:31,088 INFO   Batter Junior Caminero: 13 pitch types, 26 PA in 2026
2026-04-06 15:27:31,384 INFO   Batter Chandler Simpson: 12 pitch types, 31 PA in 2026
2026-04-06 15:27:31,671 INFO   Batter Nick Fortes: 12 pitch types, 18 PA in 2026
2026-04-06 15:27:31,974 INFO   Batter Cedric Mullins: 13 pitch types, 27 PA in 2026
2026-04-06 15:27:32,271 INFO   Batter Ben Williamson: 13 pitch types, 26 PA in 2026
2026-04-06 15:27:32,893 INFO   Batter Taylor Walls: 11 pitch types, 0 PA in 2026
2026-04-06 15:27:32,894 INFO   Processing batters vs Jameson Taillon (TB)
2026-04-06 15:27:33,106 INFO   Pitcher Jameson Taillon: 6 pitch types loaded
2026-04-06 15:27:33,776 INFO   Batter Yandy Díaz: 12 pitch types, 22 PA in 2026
2026-04-06 15:27:34,057 INFO   Batter Jonathan Aranda: 12 pitch types, 25 PA in 2026
2026-04-06 15:27:34,353 INFO   Batter Jake Fraley: 13 pitch types, 17 PA in 2026
2026-04-06 15:27:34,660 INFO   Batter Junior Caminero: 13 pitch types, 26 PA in 2026
2026-04-06 15:27:34,944 INFO   Batter Chandler Simpson: 12 pitch types, 31 PA in 2026
2026-04-06 15:27:35,230 INFO   Batter Nick Fortes: 12 pitch types, 18 PA in 2026
2026-04-06 15:27:35,523 INFO   Batter Cedric Mullins: 13 pitch types, 27 PA in 2026
2026-04-06 15:27:35,817 INFO   Batter Ben Williamson: 13 pitch types, 26 PA in 2026
2026-04-06 15:27:36,413 INFO   Batter Taylor Walls: 11 pitch types, 0 PA in 2026
2026-04-06 15:27:36,414 INFO   Processing batters vs Tanner Bibee (KC)
2026-04-06 15:27:36,605 INFO   Pitcher Tanner Bibee: 6 pitch types loaded
2026-04-06 15:27:37,255 INFO   Batter Steven Kwan: 10 pitch types, 25 PA in 2026
2026-04-06 15:27:37,514 INFO   Batter Chase DeLauter: 9 pitch types, 21 PA in 2026
2026-04-06 15:27:37,826 INFO   Batter José Ramírez: 13 pitch types, 23 PA in 2026
2026-04-06 15:27:38,098 INFO   Batter Kyle Manzardo: 10 pitch types, 20 PA in 2026
2026-04-06 15:27:38,401 INFO   Batter Rhys Hoskins: 11 pitch types, 17 PA in 2026
2026-04-06 15:27:38,681 INFO   Batter Bo Naylor: 11 pitch types, 16 PA in 2026
2026-04-06 15:27:38,946 INFO   Batter CJ Kayfus: 10 pitch types, 16 PA in 2026
2026-04-06 15:27:39,219 INFO   Batter Gabriel Arias: 10 pitch types, 20 PA in 2026
2026-04-06 15:27:39,494 INFO   Batter Brayan Rocchio: 11 pitch types, 25 PA in 2026
2026-04-06 15:27:39,495 INFO   Processing batters vs Michael Wacha (CLE)
2026-04-06 15:27:39,681 INFO   Pitcher Michael Wacha: 6 pitch types loaded
2026-04-06 15:27:40,359 INFO   Batter Steven Kwan: 10 pitch types, 25 PA in 2026
2026-04-06 15:27:40,612 INFO   Batter Chase DeLauter: 9 pitch types, 21 PA in 2026
2026-04-06 15:27:40,908 INFO   Batter José Ramírez: 13 pitch types, 23 PA in 2026
2026-04-06 15:27:41,176 INFO   Batter Kyle Manzardo: 10 pitch types, 20 PA in 2026
2026-04-06 15:27:41,463 INFO   Batter Rhys Hoskins: 11 pitch types, 17 PA in 2026
2026-04-06 15:27:41,746 INFO   Batter Bo Naylor: 11 pitch types, 16 PA in 2026
2026-04-06 15:27:42,007 INFO   Batter CJ Kayfus: 10 pitch types, 16 PA in 2026
2026-04-06 15:27:42,274 INFO   Batter Gabriel Arias: 10 pitch types, 20 PA in 2026
2026-04-06 15:27:42,556 INFO   Batter Brayan Rocchio: 11 pitch types, 25 PA in 2026
2026-04-06 15:27:42,558 INFO   Processing batters vs Bubba Chandler (SD)
2026-04-06 15:27:42,737 INFO   Pitcher Bubba Chandler: 4 pitch types loaded
2026-04-06 15:27:44,116 INFO   Batter Bryce Johnson: 11 pitch types, 9 PA in 2026
2026-04-06 15:27:44,392 INFO   Batter Fernando Tatis Jr.: 11 pitch types, 29 PA in 2026
2026-04-06 15:27:44,658 INFO   Batter Freddy Fermin: 10 pitch types, 15 PA in 2026
2026-04-06 15:27:44,927 INFO   Batter Gavin Sheets: 11 pitch types, 18 PA in 2026
2026-04-06 15:27:45,211 INFO   Batter Jackson Merrill: 12 pitch types, 24 PA in 2026
2026-04-06 15:27:45,539 INFO   Batter Jake Cronenworth: 13 pitch types, 28 PA in 2026
2026-04-06 15:27:45,819 INFO   Batter Luis Campusano: 10 pitch types, 9 PA in 2026
2026-04-06 15:27:46,113 INFO   Batter Manny Machado: 12 pitch types, 27 PA in 2026
2026-04-06 15:27:46,411 INFO   Batter Miguel Andujar: 12 pitch types, 21 PA in 2026
2026-04-06 15:27:46,412 INFO   Processing batters vs Germán Márquez (PIT)
2026-04-06 15:27:46,600 INFO   Pitcher Germán Márquez: 5 pitch types loaded
2026-04-06 15:27:48,342 INFO   Batter Billy Cook: 5 pitch types, 0 PA in 2026
2026-04-06 15:27:48,640 INFO   Batter Brandon Lowe: 12 pitch types, 26 PA in 2026
2026-04-06 15:27:48,921 INFO   Batter Bryan Reynolds: 11 pitch types, 28 PA in 2026
2026-04-06 15:27:49,205 INFO   Batter Henry Davis: 12 pitch types, 18 PA in 2026
2026-04-06 15:27:49,498 INFO   Batter Jake Mangum: 12 pitch types, 22 PA in 2026
2026-04-06 15:27:49,789 INFO   Batter Joey Bart: 11 pitch types, 9 PA in 2026
2026-04-06 15:27:50,401 INFO   Batter Konnor Griffin: 8 pitch types, 11 PA in 2026
2026-04-06 15:27:50,697 INFO   Batter Marcell Ozuna: 12 pitch types, 23 PA in 2026
2026-04-06 15:27:50,978 INFO   Batter Nick Gonzales: 12 pitch types, 26 PA in 2026
2026-04-06 15:27:50,979 INFO   Processing batters vs Janson Junk (CIN)
2026-04-06 15:27:51,165 INFO   Pitcher Janson Junk: 5 pitch types loaded
2026-04-06 15:27:51,840 INFO   Batter Austin Slater: 13 pitch types, 13 PA in 2026
2026-04-06 15:27:52,122 INFO   Batter Agustín Ramírez: 13 pitch types, 31 PA in 2026
2026-04-06 15:27:52,408 INFO   Batter Jakob Marsee: 12 pitch types, 28 PA in 2026
2026-04-06 15:27:52,716 INFO   Batter Otto Lopez: 13 pitch types, 32 PA in 2026
2026-04-06 15:27:53,006 INFO   Batter Heriberto Hernández: 13 pitch types, 24 PA in 2026
2026-04-06 15:27:53,301 INFO   Batter Connor Norby: 13 pitch types, 25 PA in 2026
2026-04-06 15:27:53,584 INFO   Batter Xavier Edwards: 11 pitch types, 31 PA in 2026
2026-04-06 15:27:53,849 INFO   Batter Leo Jiménez: 9 pitch types, 4 PA in 2026
2026-04-06 15:27:54,146 INFO   Batter Javier Sanoja: 13 pitch types, 20 PA in 2026
2026-04-06 15:27:54,147 INFO   Processing batters vs Brandon Williamson (MIA)
2026-04-06 15:27:54,716 INFO   Pitcher Brandon Williamson: 6 pitch types loaded
2026-04-06 15:27:55,412 INFO   Batter Austin Slater: 13 pitch types, 13 PA in 2026
2026-04-06 15:27:55,721 INFO   Batter Agustín Ramírez: 13 pitch types, 31 PA in 2026
2026-04-06 15:27:56,021 INFO   Batter Jakob Marsee: 12 pitch types, 28 PA in 2026
2026-04-06 15:27:56,334 INFO   Batter Otto Lopez: 13 pitch types, 32 PA in 2026
2026-04-06 15:27:56,639 INFO   Batter Heriberto Hernández: 13 pitch types, 24 PA in 2026
2026-04-06 15:27:56,932 INFO   Batter Connor Norby: 13 pitch types, 25 PA in 2026
2026-04-06 15:27:57,213 INFO   Batter Xavier Edwards: 11 pitch types, 31 PA in 2026
2026-04-06 15:27:57,468 INFO   Batter Leo Jiménez: 9 pitch types, 4 PA in 2026
2026-04-06 15:27:57,768 INFO   Batter Javier Sanoja: 13 pitch types, 20 PA in 2026
2026-04-06 15:27:57,770 INFO   Processing batters vs Zack Littell (STL)
2026-04-06 15:27:57,959 INFO   Pitcher Zack Littell: 5 pitch types loaded
2026-04-06 15:27:58,922 INFO   Batter James Wood: 12 pitch types, 30 PA in 2026
2026-04-06 15:27:59,379 INFO   Batter Luis García Jr.: 14 pitch types, 28 PA in 2026
2026-04-06 15:27:59,797 INFO   Batter Brady House: 12 pitch types, 24 PA in 2026
2026-04-06 15:28:00,142 INFO   Batter Daylen Lile: 12 pitch types, 30 PA in 2026
2026-04-06 15:28:00,448 INFO   Batter CJ Abrams: 13 pitch types, 29 PA in 2026
2026-04-06 15:28:00,717 INFO   Batter Nasim Nuñez: 10 pitch types, 23 PA in 2026
2026-04-06 15:28:01,071 INFO   Batter José Tena: 11 pitch types, 13 PA in 2026
2026-04-06 15:28:01,356 INFO   Batter Drew Millas: 10 pitch types, 16 PA in 2026
2026-04-06 15:28:01,656 INFO   Batter Jacob Young: 13 pitch types, 18 PA in 2026
2026-04-06 15:28:01,658 INFO   Processing batters vs Andre Pallante (WSH)
2026-04-06 15:28:01,846 INFO   Pitcher Andre Pallante: 6 pitch types loaded
2026-04-06 15:28:02,545 INFO   Batter James Wood: 12 pitch types, 30 PA in 2026
2026-04-06 15:28:02,855 INFO   Batter Luis García Jr.: 14 pitch types, 28 PA in 2026
2026-04-06 15:28:03,143 INFO   Batter Brady House: 12 pitch types, 24 PA in 2026
2026-04-06 15:28:03,444 INFO   Batter Daylen Lile: 12 pitch types, 30 PA in 2026
2026-04-06 15:28:03,754 INFO   Batter CJ Abrams: 13 pitch types, 29 PA in 2026
2026-04-06 15:28:04,022 INFO   Batter Nasim Nuñez: 10 pitch types, 23 PA in 2026
2026-04-06 15:28:04,317 INFO   Batter José Tena: 11 pitch types, 13 PA in 2026
2026-04-06 15:28:04,590 INFO   Batter Drew Millas: 10 pitch types, 16 PA in 2026
2026-04-06 15:28:04,888 INFO   Batter Jacob Young: 13 pitch types, 18 PA in 2026
2026-04-06 15:28:04,890 INFO   Processing batters vs Brayan Bello (MIL)
2026-04-06 15:28:05,071 INFO   Pitcher Brayan Bello: 6 pitch types loaded
2026-04-06 15:28:05,753 INFO   Batter Roman Anthony: 12 pitch types, 26 PA in 2026
2026-04-06 15:28:06,022 INFO   Batter Masataka Yoshida: 11 pitch types, 15 PA in 2026
2026-04-06 15:28:06,306 INFO   Batter Willson Contreras: 11 pitch types, 28 PA in 2026
2026-04-06 15:28:06,616 INFO   Batter Wilyer Abreu: 13 pitch types, 26 PA in 2026
2026-04-06 15:28:06,931 INFO   Batter Trevor Story: 15 pitch types, 31 PA in 2026
2026-04-06 15:28:07,209 INFO   Batter Marcelo Mayer: 12 pitch types, 20 PA in 2026
2026-04-06 15:28:07,511 INFO   Batter Caleb Durbin: 13 pitch types, 21 PA in 2026
2026-04-06 15:28:07,818 INFO   Batter Carlos Narváez: 13 pitch types, 13 PA in 2026
2026-04-06 15:28:08,113 INFO   Batter Ceddanne Rafaela: 14 pitch types, 20 PA in 2026
2026-04-06 15:28:08,115 INFO   Processing batters vs Brandon Woodruff (BOS)
2026-04-06 15:28:08,303 INFO   Pitcher Brandon Woodruff: 6 pitch types loaded
2026-04-06 15:28:08,980 INFO   Batter Roman Anthony: 12 pitch types, 26 PA in 2026
2026-04-06 15:28:09,260 INFO   Batter Masataka Yoshida: 11 pitch types, 15 PA in 2026
2026-04-06 15:28:09,545 INFO   Batter Willson Contreras: 11 pitch types, 28 PA in 2026
2026-04-06 15:28:09,846 INFO   Batter Wilyer Abreu: 13 pitch types, 26 PA in 2026
2026-04-06 15:28:10,167 INFO   Batter Trevor Story: 15 pitch types, 31 PA in 2026
2026-04-06 15:28:10,460 INFO   Batter Marcelo Mayer: 12 pitch types, 20 PA in 2026
2026-04-06 15:28:10,811 INFO   Batter Caleb Durbin: 13 pitch types, 21 PA in 2026
2026-04-06 15:28:11,098 INFO   Batter Carlos Narváez: 13 pitch types, 13 PA in 2026
2026-04-06 15:28:11,437 INFO   Batter Ceddanne Rafaela: 14 pitch types, 20 PA in 2026
2026-04-06 15:28:11,438 INFO   Processing batters vs Max Scherzer (LAD)
2026-04-06 15:28:11,624 INFO   Pitcher Max Scherzer: 5 pitch types loaded
2026-04-06 15:28:12,315 INFO   Batter George Springer: 11 pitch types, 25 PA in 2026
2026-04-06 15:28:12,601 INFO   Batter Davis Schneider: 11 pitch types, 10 PA in 2026
2026-04-06 15:28:12,896 INFO   Batter Vladimir Guerrero Jr.: 13 pitch types, 27 PA in 2026
2026-04-06 15:28:13,504 INFO   Batter Kazuma Okamoto: 9 pitch types, 33 PA in 2026
2026-04-06 15:28:13,831 INFO   Batter Ernie Clement: 14 pitch types, 32 PA in 2026
2026-04-06 15:28:14,111 INFO   Batter Daulton Varsho: 10 pitch types, 21 PA in 2026
2026-04-06 15:28:14,408 INFO   Batter Myles Straw: 12 pitch types, 8 PA in 2026
2026-04-06 15:28:14,719 INFO   Batter Tyler Heineman: 12 pitch types, 9 PA in 2026
2026-04-06 15:28:14,997 INFO   Batter Andrés Giménez: 10 pitch types, 26 PA in 2026
2026-04-06 15:28:14,999 INFO   Processing batters vs Justin Wrobleski (TOR)
2026-04-06 15:28:15,200 INFO   Pitcher Justin Wrobleski: 6 pitch types loaded
2026-04-06 15:28:15,922 INFO   Batter George Springer: 11 pitch types, 25 PA in 2026
2026-04-06 15:28:16,238 INFO   Batter Davis Schneider: 11 pitch types, 10 PA in 2026
2026-04-06 15:28:16,561 INFO   Batter Vladimir Guerrero Jr.: 13 pitch types, 27 PA in 2026
2026-04-06 15:28:17,165 INFO   Batter Kazuma Okamoto: 9 pitch types, 33 PA in 2026
2026-04-06 15:28:17,482 INFO   Batter Ernie Clement: 14 pitch types, 32 PA in 2026
2026-04-06 15:28:17,766 INFO   Batter Daulton Varsho: 10 pitch types, 21 PA in 2026
2026-04-06 15:28:18,045 INFO   Batter Myles Straw: 12 pitch types, 8 PA in 2026
2026-04-06 15:28:18,328 INFO   Batter Tyler Heineman: 12 pitch types, 9 PA in 2026
2026-04-06 15:28:18,626 INFO   Batter Andrés Giménez: 10 pitch types, 26 PA in 2026
2026-04-06 15:28:18,628 INFO   Processing batters vs Joe Ryan (DET)
2026-04-06 15:28:18,824 INFO   Pitcher Joe Ryan: 7 pitch types loaded
2026-04-06 15:28:20,360 INFO   Batter Colt Keith: 11 pitch types, 21 PA in 2026
2026-04-06 15:28:20,667 INFO   Batter Dillon Dingler: 13 pitch types, 21 PA in 2026
2026-04-06 15:28:20,951 INFO   Batter Gleyber Torres: 11 pitch types, 27 PA in 2026
2026-04-06 15:28:21,227 INFO   Batter Jahmai Jones: 12 pitch types, 4 PA in 2026
2026-04-06 15:28:21,505 INFO   Batter Jake Rogers: 11 pitch types, 6 PA in 2026
2026-04-06 15:28:21,803 INFO   Batter Javier Báez: 12 pitch types, 15 PA in 2026
2026-04-06 15:28:22,083 INFO   Batter Kerry Carpenter: 11 pitch types, 24 PA in 2026
2026-04-06 15:28:22,351 INFO   Batter Kevin McGonigle: 10 pitch types, 29 PA in 2026
2026-04-06 15:28:22,635 INFO   Batter Matt Vierling: 10 pitch types, 13 PA in 2026
2026-04-06 15:28:22,636 INFO   Processing batters vs Casey Mize (MIN)
2026-04-06 15:28:22,878 INFO   Pitcher Casey Mize: 6 pitch types loaded
2026-04-06 15:28:24,441 INFO   Batter Austin Martin: 10 pitch types, 16 PA in 2026
2026-04-06 15:28:24,738 INFO   Batter Brooks Lee: 12 pitch types, 14 PA in 2026
2026-04-06 15:28:25,016 INFO   Batter Byron Buxton: 11 pitch types, 21 PA in 2026
2026-04-06 15:28:25,291 INFO   Batter James Outman: 11 pitch types, 7 PA in 2026
2026-04-06 15:28:25,593 INFO   Batter Josh Bell: 13 pitch types, 26 PA in 2026
2026-04-06 15:28:25,895 INFO   Batter Kody Clemens: 13 pitch types, 20 PA in 2026
2026-04-06 15:28:26,164 INFO   Batter Luke Keaschall: 11 pitch types, 27 PA in 2026
2026-04-06 15:28:26,465 INFO   Batter Matt Wallner: 13 pitch types, 28 PA in 2026
2026-04-06 15:28:26,749 INFO   Batter Royce Lewis: 10 pitch types, 20 PA in 2026
2026-04-06 15:28:26,750 INFO   Processing batters vs Grant Taylor (BAL)
2026-04-06 15:28:26,928 INFO   Pitcher Grant Taylor: 5 pitch types loaded
2026-04-06 15:28:28,306 INFO   Batter Adley Rutschman: 13 pitch types, 19 PA in 2026
2026-04-06 15:28:28,577 INFO   Batter Blaze Alexander: 10 pitch types, 17 PA in 2026
2026-04-06 15:28:28,865 INFO   Batter Coby Mayo: 12 pitch types, 20 PA in 2026
2026-04-06 15:28:29,148 INFO   Batter Colton Cowser: 12 pitch types, 17 PA in 2026
2026-04-06 15:28:29,431 INFO   Batter Dylan Beavers: 11 pitch types, 20 PA in 2026
2026-04-06 15:28:29,725 INFO   Batter Gunnar Henderson: 12 pitch types, 31 PA in 2026
2026-04-06 15:28:29,991 INFO   Batter Jeremiah Jackson: 10 pitch types, 20 PA in 2026
2026-04-06 15:28:30,256 INFO   Batter Leody Taveras: 10 pitch types, 11 PA in 2026
2026-04-06 15:28:30,558 INFO   Batter Pete Alonso: 12 pitch types, 26 PA in 2026
2026-04-06 15:28:30,560 INFO   Processing batters vs Brandon Young (CWS)
2026-04-06 15:28:31,113 INFO   Pitcher Brandon Young: 6 pitch types loaded
2026-04-06 15:28:32,505 INFO   Batter Andrew Benintendi: 12 pitch types, 17 PA in 2026
2026-04-06 15:28:32,807 INFO   Batter Austin Hays: 13 pitch types, 25 PA in 2026
2026-04-06 15:28:33,122 INFO   Batter Chase Meidroth: 13 pitch types, 24 PA in 2026
2026-04-06 15:28:33,400 INFO   Batter Colson Montgomery: 11 pitch types, 27 PA in 2026
2026-04-06 15:28:33,683 INFO   Batter Derek Hill: 12 pitch types, 7 PA in 2026
2026-04-06 15:28:33,956 INFO   Batter Edgar Quero: 11 pitch types, 15 PA in 2026
2026-04-06 15:28:34,241 INFO   Batter Lenyn Sosa: 12 pitch types, 13 PA in 2026
2026-04-06 15:28:34,532 INFO   Batter Luisangel Acuña: 12 pitch types, 22 PA in 2026
2026-04-06 15:28:34,836 INFO   Batter Miguel Vargas: 13 pitch types, 29 PA in 2026
2026-04-06 15:28:34,838 INFO   Processing batters vs Jacob deGrom (SEA)
2026-04-06 15:28:35,022 INFO   Pitcher Jacob deGrom: 5 pitch types loaded
2026-04-06 15:28:36,614 INFO   Batter Brendan Donovan: 11 pitch types, 24 PA in 2026
2026-04-06 15:28:36,915 INFO   Batter Cal Raleigh: 12 pitch types, 33 PA in 2026
2026-04-06 15:28:37,199 INFO   Batter Cole Young: 12 pitch types, 28 PA in 2026
2026-04-06 15:28:37,486 INFO   Batter Dominic Canzone: 11 pitch types, 15 PA in 2026
2026-04-06 15:28:37,794 INFO   Batter J.P. Crawford: 12 pitch types, 12 PA in 2026
2026-04-06 15:28:38,068 INFO   Batter Josh Naylor: 11 pitch types, 30 PA in 2026
2026-04-06 15:28:38,352 INFO   Batter Julio Rodríguez: 11 pitch types, 31 PA in 2026
2026-04-06 15:28:38,631 INFO   Batter Leo Rivas: 10 pitch types, 26 PA in 2026
2026-04-06 15:28:38,946 INFO   Batter Luke Raley: 13 pitch types, 22 PA in 2026
2026-04-06 15:28:38,947 INFO   Processing batters vs Logan Gilbert (TEX)
2026-04-06 15:28:39,141 INFO   Pitcher Logan Gilbert: 7 pitch types loaded
2026-04-06 15:28:40,576 INFO   Batter Andrew McCutchen: 11 pitch types, 15 PA in 2026
2026-04-06 15:28:40,879 INFO   Batter Brandon Nimmo: 12 pitch types, 30 PA in 2026
2026-04-06 15:28:41,174 INFO   Batter Corey Seager: 11 pitch types, 28 PA in 2026
2026-04-06 15:28:41,477 INFO   Batter Danny Jansen: 11 pitch types, 19 PA in 2026
2026-04-06 15:28:41,778 INFO   Batter Evan Carter: 13 pitch types, 26 PA in 2026
2026-04-06 15:28:42,067 INFO   Batter Ezequiel Duran: 13 pitch types, 12 PA in 2026
2026-04-06 15:28:42,385 INFO   Batter Jake Burger: 13 pitch types, 26 PA in 2026
2026-04-06 15:28:42,686 INFO   Batter Joc Pederson: 13 pitch types, 19 PA in 2026
2026-04-06 15:28:42,983 INFO   Batter Josh Jung: 13 pitch types, 22 PA in 2026
2026-04-06 15:28:42,984 INFO   Processing batters vs Ryan Feltner (HOU)
2026-04-06 15:28:43,172 INFO   Pitcher Ryan Feltner: 6 pitch types loaded
2026-04-06 15:28:43,859 INFO   Batter Edouard Julien: 11 pitch types, 10 PA in 2026
2026-04-06 15:28:44,135 INFO   Batter Mickey Moniak: 11 pitch types, 9 PA in 2026
2026-04-06 15:28:44,448 INFO   Batter Hunter Goodman: 14 pitch types, 28 PA in 2026
2026-04-06 15:28:44,780 INFO   Batter Troy Johnston: 12 pitch types, 23 PA in 2026
2026-04-06 15:28:45,071 INFO   Batter TJ Rumfield: 10 pitch types, 25 PA in 2026
2026-04-06 15:28:45,368 INFO   Batter Willi Castro: 11 pitch types, 27 PA in 2026
2026-04-06 15:28:45,679 INFO   Batter Brenton Doyle: 14 pitch types, 25 PA in 2026
2026-04-06 15:28:45,945 INFO   Batter Jake McCarthy: 10 pitch types, 17 PA in 2026
2026-04-06 15:28:46,247 INFO   Batter Kyle Karros: 11 pitch types, 25 PA in 2026
2026-04-06 15:28:46,248 INFO   Processing batters vs Cody Bolton (COL)
2026-04-06 15:28:46,433 INFO   Pitcher Cody Bolton: 6 pitch types loaded
2026-04-06 15:28:47,090 INFO   Batter Edouard Julien: 11 pitch types, 10 PA in 2026
2026-04-06 15:28:47,407 INFO   Batter Mickey Moniak: 11 pitch types, 9 PA in 2026
2026-04-06 15:28:47,763 INFO   Batter Hunter Goodman: 14 pitch types, 28 PA in 2026
2026-04-06 15:28:48,054 INFO   Batter Troy Johnston: 12 pitch types, 23 PA in 2026
2026-04-06 15:28:48,329 INFO   Batter TJ Rumfield: 10 pitch types, 25 PA in 2026
2026-04-06 15:28:48,616 INFO   Batter Willi Castro: 11 pitch types, 27 PA in 2026
2026-04-06 15:28:48,928 INFO   Batter Brenton Doyle: 14 pitch types, 25 PA in 2026
2026-04-06 15:28:49,195 INFO   Batter Jake McCarthy: 10 pitch types, 17 PA in 2026
2026-04-06 15:28:49,477 INFO   Batter Kyle Karros: 11 pitch types, 25 PA in 2026
2026-04-06 15:28:49,478 INFO   Processing batters vs José Soriano (ATL)
2026-04-06 15:28:49,667 INFO   Pitcher José Soriano: 6 pitch types loaded
2026-04-06 15:28:51,097 INFO   Batter Austin Riley: 11 pitch types, 30 PA in 2026
2026-04-06 15:28:51,406 INFO   Batter Dominic Smith: 13 pitch types, 20 PA in 2026
2026-04-06 15:28:51,727 INFO   Batter Drake Baldwin: 13 pitch types, 29 PA in 2026
2026-04-06 15:28:52,013 INFO   Batter Eli White: 13 pitch types, 10 PA in 2026
2026-04-06 15:28:52,308 INFO   Batter Jonah Heim: 12 pitch types, 10 PA in 2026
2026-04-06 15:28:52,590 INFO   Batter Jorge Mateo: 11 pitch types, 8 PA in 2026
2026-04-06 15:28:52,879 INFO   Batter Kyle Farmer: 12 pitch types, 3 PA in 2026
2026-04-06 15:28:53,174 INFO   Batter Matt Olson: 13 pitch types, 32 PA in 2026
2026-04-06 15:28:53,453 INFO   Batter Mauricio Dubón: 11 pitch types, 29 PA in 2026
2026-04-06 15:28:53,455 INFO   Processing batters vs Chris Sale (LAA)
2026-04-06 15:28:53,637 INFO   Pitcher Chris Sale: 4 pitch types loaded
2026-04-06 15:28:55,096 INFO   Batter Adam Frazier: 13 pitch types, 8 PA in 2026
2026-04-06 15:28:55,368 INFO   Batter Bryce Teodosio: 10 pitch types, 4 PA in 2026
2026-04-06 15:28:55,640 INFO   Batter Jeimer Candelario: 11 pitch types, 12 PA in 2026
2026-04-06 15:28:55,932 INFO   Batter Jo Adell: 12 pitch types, 31 PA in 2026
2026-04-06 15:28:56,275 INFO   Batter Jorge Soler: 10 pitch types, 30 PA in 2026
2026-04-06 15:28:56,559 INFO   Batter Josh Lowe: 11 pitch types, 23 PA in 2026
2026-04-06 15:28:56,884 INFO   Batter Logan O'Hoppe: 11 pitch types, 22 PA in 2026
2026-04-06 15:28:57,224 INFO   Batter Mike Trout: 13 pitch types, 31 PA in 2026
2026-04-06 15:28:57,519 INFO   Batter Nolan Schanuel: 11 pitch types, 31 PA in 2026
2026-04-06 15:28:57,520 INFO   Processing batters vs Adrian Houser (PHI)
2026-04-06 15:28:57,707 INFO   Pitcher Adrian Houser: 5 pitch types loaded
2026-04-06 15:28:59,104 INFO   Batter Adolis García: 13 pitch types, 28 PA in 2026
2026-04-06 15:28:59,432 INFO   Batter Alec Bohm: 15 pitch types, 26 PA in 2026
2026-04-06 15:28:59,738 INFO   Batter Brandon Marsh: 13 pitch types, 27 PA in 2026
2026-04-06 15:29:00,075 INFO   Batter Bryce Harper: 12 pitch types, 26 PA in 2026
2026-04-06 15:29:00,403 INFO   Batter Bryson Stott: 14 pitch types, 22 PA in 2026
2026-04-06 15:29:00,688 INFO   Batter Dylan Moore: 10 pitch types, 2 PA in 2026
2026-04-06 15:29:00,968 INFO   Batter Edmundo Sosa: 12 pitch types, 9 PA in 2026
2026-04-06 15:29:01,304 INFO   Batter J.T. Realmuto: 14 pitch types, 20 PA in 2026
2026-04-06 15:29:01,926 INFO   Batter Justin Crawford: 9 pitch types, 21 PA in 2026
2026-04-06 15:29:01,928 INFO   Processing batters vs Andrew Painter (SF)
2026-04-06 15:29:02,465 INFO   Pitcher Andrew Painter: 6 pitch types loaded
2026-04-06 15:29:03,905 INFO   Batter Casey Schmitt: 13 pitch types, 18 PA in 2026
2026-04-06 15:29:04,562 INFO   Batter Christian Koss: 13 pitch types, 0 PA in 2026
2026-04-06 15:29:04,791 INFO   Batter Daniel Susac: 5 pitch types, 4 PA in 2026
2026-04-06 15:29:05,124 INFO   Batter Harrison Bader: 15 pitch types, 28 PA in 2026
2026-04-06 15:29:05,482 INFO   Batter Heliot Ramos: 13 pitch types, 31 PA in 2026
2026-04-06 15:29:06,051 INFO   Batter Jared Oliva: 0 pitch types, 0 PA in 2026
2026-04-06 15:29:06,354 INFO   Batter Jerar Encarnacion: 12 pitch types, 7 PA in 2026
2026-04-06 15:29:06,673 INFO   Batter Jung Hoo Lee: 14 pitch types, 27 PA in 2026
2026-04-06 15:29:06,985 INFO   Batter Luis Arraez: 14 pitch types, 28 PA in 2026
2026-04-06 15:29:07,027 INFO ✓ Wrote data\data.json — 176 targets, 1 fades
2026-04-06 15:29:07,027 INFO   PRIME: 0 | HIGH: 1 | MED: 175
